<?xml version="1.0" encoding="UTF-8"?>
<!-- Generated by org.testng.reporters.JUnitReportReporter -->
<testsuite hostname="MacBook-Pro-di-Anna.local" failures="0" tests="17" name="com.hotels.beans.base.DefaultsTest" time="0.009" errors="0" timestamp="26 mag 2019 20:28:21 GMT" skipped="0">
  <testcase classname="com.hotels.beans.base.DefaultsTest" name="testDefaultValueShouldReturnTheExpectedResult" time="0.000"/>
  <testcase classname="com.hotels.beans.base.DefaultsTest" name="testDefaultValueShouldReturnTheExpectedResult" time="0.000"/>
  <testcase classname="com.hotels.beans.base.DefaultsTest" name="testDefaultValueShouldReturnTheExpectedResult" time="0.000"/>
  <testcase classname="com.hotels.beans.base.DefaultsTest" name="testDefaultValueShouldReturnTheExpectedResult" time="0.000"/>
  <testcase classname="com.hotels.beans.base.DefaultsTest" name="testDefaultValueShouldReturnTheExpectedResult" time="0.000"/>
  <testcase classname="com.hotels.beans.base.DefaultsTest" name="testDefaultValueShouldReturnTheExpectedResult" time="0.001"/>
  <testcase classname="com.hotels.beans.base.DefaultsTest" name="testDefaultValueShouldReturnTheExpectedResult" time="0.000"/>
  <testcase classname="com.hotels.beans.base.DefaultsTest" name="testDefaultValueShouldReturnTheExpectedResult" time="0.000"/>
  <testcase classname="com.hotels.beans.base.DefaultsTest" name="testDefaultValueShouldReturnTheExpectedResult" time="0.001"/>
  <testcase classname="com.hotels.beans.base.DefaultsTest" name="testDefaultValueShouldReturnTheExpectedResult" time="0.000"/>
  <testcase classname="com.hotels.beans.base.DefaultsTest" name="testDefaultValueShouldReturnTheExpectedResult" time="0.000"/>
  <testcase classname="com.hotels.beans.base.DefaultsTest" name="testDefaultValueShouldReturnTheExpectedResult" time="0.001"/>
  <testcase classname="com.hotels.beans.base.DefaultsTest" name="testDefaultValueShouldReturnTheExpectedResult" time="0.003"/>
  <testcase classname="com.hotels.beans.base.DefaultsTest" name="testDefaultValueShouldReturnTheExpectedResult" time="0.001"/>
  <testcase classname="com.hotels.beans.base.DefaultsTest" name="testDefaultValueShouldReturnTheExpectedResult" time="0.001"/>
  <testcase classname="com.hotels.beans.base.DefaultsTest" name="testDefaultValueShouldReturnTheExpectedResult" time="0.001"/>
  <testcase classname="com.hotels.beans.base.DefaultsTest" name="testDefaultValueShouldReturnTheExpectedResult" time="0.000"/>
</testsuite> <!-- com.hotels.beans.base.DefaultsTest -->
