<?xml version="1.0" encoding="UTF-8"?>
<!-- Generated by org.testng.reporters.JUnitReportReporter -->
<testsuite hostname="MacBook-Pro-di-Anna.local" failures="0" tests="2" name="com.hotels.beans.cache.CacheManagerFactoryTest" time="0.006" errors="0" timestamp="26 mag 2019 20:28:21 GMT" skipped="0">
  <testcase classname="com.hotels.beans.cache.CacheManagerFactoryTest" name="testGetCacheThrowsExceptionIfTheCacheNameIsNull" time="0.000"/>
  <testcase classname="com.hotels.beans.cache.CacheManagerFactoryTest" name="testGetCacheReturnsACacheManagerInstance" time="0.006"/>
</testsuite> <!-- com.hotels.beans.cache.CacheManagerFactoryTest -->
