<?xml version="1.0" encoding="UTF-8"?>
<!-- Generated by org.testng.reporters.JUnitReportReporter -->
<testsuite hostname="MacBook-Pro-di-Anna.local" failures="0" tests="3" name="com.hotels.beans.cache.CacheManagerTest" time="0.002" errors="0" timestamp="26 mag 2019 20:28:21 GMT" skipped="0">
  <testcase classname="com.hotels.beans.cache.CacheManagerTest" name="testCacheObjectStoresTheDefaultValueIfTheGivenObjectIsNull" time="0.000"/>
  <testcase classname="com.hotels.beans.cache.CacheManagerTest" name="testCacheObjectStoresTheGivenObjectWithTheGivenKey" time="0.001"/>
  <testcase classname="com.hotels.beans.cache.CacheManagerTest" name="testRemoveFromCacheRemovesTheObject" time="0.001"/>
</testsuite> <!-- com.hotels.beans.cache.CacheManagerTest -->
