<?xml version="1.0" encoding="UTF-8"?>
<!-- Generated by org.testng.reporters.JUnitReportReporter -->
<testsuite hostname="MacBook-Pro-di-Anna.local" failures="0" tests="66" name="com.hotels.beans.utils.ClassUtilsTest" time="0.223" errors="0" timestamp="26 mag 2019 20:28:21 GMT" skipped="0">
  <testcase classname="com.hotels.beans.utils.ClassUtilsTest" name="testHasAccessibleConstructorsWorksAsExpected" time="0.004"/>
  <testcase classname="com.hotels.beans.utils.ClassUtilsTest" name="testGetPrivateFieldsWorksAsExpected" time="0.000"/>
  <testcase classname="com.hotels.beans.utils.ClassUtilsTest" name="testIsPrimitiveArrayTypeWorksAsExpected" time="0.001"/>
  <testcase classname="com.hotels.beans.utils.ClassUtilsTest" name="testGetConstructorParameters" time="0.001"/>
  <testcase classname="com.hotels.beans.utils.ClassUtilsTest" name="testGetClassTypeWorksAsExpected" time="0.032"/>
  <testcase classname="com.hotels.beans.utils.ClassUtilsTest" name="testGetPrivateFinalFieldsWorksAsExpected" time="0.000"/>
  <testcase classname="com.hotels.beans.utils.ClassUtilsTest" name="testGetNotFinalFieldsWorksAsExpected" time="0.000"/>
  <testcase classname="com.hotels.beans.utils.ClassUtilsTest" name="testGetSetterMethodsWorksAsExpected" time="0.006"/>
  <testcase classname="com.hotels.beans.utils.ClassUtilsTest" name="testAreParameterNamesAvailableWorksAsExpected" time="0.042"/>
  <testcase classname="com.hotels.beans.utils.ClassUtilsTest" name="testIsPrimitiveTypeWorksAsExpected" time="0.000"/>
  <testcase classname="com.hotels.beans.utils.ClassUtilsTest" name="testGetPrivateFieldsWorksAsExpected" time="0.001"/>
  <testcase classname="com.hotels.beans.utils.ClassUtilsTest" name="testIsPrimitiveArrayTypeWorksAsExpected" time="0.001"/>
  <testcase classname="com.hotels.beans.utils.ClassUtilsTest" name="testAllParameterAnnotatedWithWorksAsExpected" time="0.000"/>
  <testcase classname="com.hotels.beans.utils.ClassUtilsTest" name="testGetAllArgsConstructorWorksAsExpected" time="0.001"/>
  <testcase classname="com.hotels.beans.utils.ClassUtilsTest" name="testIsPrimitiveArrayTypeWorksAsExpected" time="0.000"/>
  <testcase classname="com.hotels.beans.utils.ClassUtilsTest" name="testIsPrimitiveTypeWorksAsExpected" time="0.000"/>
  <testcase classname="com.hotels.beans.utils.ClassUtilsTest" name="testGetDefaultTypeValueWorksAsExpected" time="0.004"/>
  <testcase classname="com.hotels.beans.utils.ClassUtilsTest" name="testIsPrimitiveTypeWorksAsExpected" time="0.000"/>
  <testcase classname="com.hotels.beans.utils.ClassUtilsTest" name="testIsPrimitiveOrSpecialTypeWorksAsExpected" time="0.000"/>
  <testcase classname="com.hotels.beans.utils.ClassUtilsTest" name="testIsPrimitiveOrSpecialTypeWorksAsExpected" time="0.001"/>
  <testcase classname="com.hotels.beans.utils.ClassUtilsTest" name="testIsSpecialTypeWorksAsExpected" time="0.001"/>
  <testcase classname="com.hotels.beans.utils.ClassUtilsTest" name="testGetPrivateFieldsWorksAsExpected" time="0.003"/>
  <testcase classname="com.hotels.beans.utils.ClassUtilsTest" name="testIsPrimitiveTypeWorksAsExpected" time="0.001"/>
  <testcase classname="com.hotels.beans.utils.ClassUtilsTest" name="testGetSetterMethodsWorksAsExpected" time="0.001"/>
  <testcase classname="com.hotels.beans.utils.ClassUtilsTest" name="testIsPrimitiveArrayTypeWorksAsExpected" time="0.001"/>
  <testcase classname="com.hotels.beans.utils.ClassUtilsTest" name="testIsPrimitiveArrayTypeWorksAsExpected" time="0.006"/>
  <testcase classname="com.hotels.beans.utils.ClassUtilsTest" name="testGetNotFinalFieldsWorksAsExpected" time="0.001"/>
  <testcase classname="com.hotels.beans.utils.ClassUtilsTest" name="testGetDeclaredFieldsWorksAsExpected" time="0.009"/>
  <testcase classname="com.hotels.beans.utils.ClassUtilsTest" name="testGetPrivateFieldsWorksAsExpected" time="0.000"/>
  <testcase classname="com.hotels.beans.utils.ClassUtilsTest" name="testGetPrivateFinalFieldsWorksAsExpected" time="0.002"/>
  <testcase classname="com.hotels.beans.utils.ClassUtilsTest" name="testGetClassTypeWorksAsExpected" time="0.001"/>
  <testcase classname="com.hotels.beans.utils.ClassUtilsTest" name="testIsPrimitiveArrayTypeWorksAsExpected" time="0.000"/>
  <testcase classname="com.hotels.beans.utils.ClassUtilsTest" name="testHasFieldWorksAsExpected" time="0.002"/>
  <testcase classname="com.hotels.beans.utils.ClassUtilsTest" name="testContainsAnnotationWorksAsExpected" time="0.005"/>
  <testcase classname="com.hotels.beans.utils.ClassUtilsTest" name="testIsPrimitiveArrayTypeWorksAsExpected" time="0.000"/>
  <testcase classname="com.hotels.beans.utils.ClassUtilsTest" name="testIsSpecialTypeWorksAsExpected" time="0.000"/>
  <testcase classname="com.hotels.beans.utils.ClassUtilsTest" name="testHasPrivateFinalFieldsWorksAsExpected" time="0.000"/>
  <testcase classname="com.hotels.beans.utils.ClassUtilsTest" name="testIsPrimitiveArrayTypeWorksAsExpected" time="0.000"/>
  <testcase classname="com.hotels.beans.utils.ClassUtilsTest" name="testGetDeclaredClassesWorksAsExpected" time="0.001"/>
  <testcase classname="com.hotels.beans.utils.ClassUtilsTest" name="testIsPrimitiveArrayTypeWorksAsExpected" time="0.000"/>
  <testcase classname="com.hotels.beans.utils.ClassUtilsTest" name="testGetTotalFieldsWorksAsExpected" time="0.004"/>
  <testcase classname="com.hotels.beans.utils.ClassUtilsTest" name="testHasSetterMethodsWorksAsExpected" time="0.005"/>
  <testcase classname="com.hotels.beans.utils.ClassUtilsTest" name="testIsPrimitiveTypeWorksAsExpected" time="0.001"/>
  <testcase classname="com.hotels.beans.utils.ClassUtilsTest" name="testAllParameterAnnotatedWithWorksAsExpected" time="0.020"/>
  <testcase classname="com.hotels.beans.utils.ClassUtilsTest" name="testIsPrimitiveTypeWorksAsExpected" time="0.001"/>
  <testcase classname="com.hotels.beans.utils.ClassUtilsTest" name="testGetPrivateFieldsWorksAsExpected" time="0.000"/>
  <testcase classname="com.hotels.beans.utils.ClassUtilsTest" name="testGetPrivateFieldsWorksAsExpected" time="0.000"/>
  <testcase classname="com.hotels.beans.utils.ClassUtilsTest" name="testGetInstanceRaisesAnInstanceCreationExceptionIfAnErrorOccurs" time="0.004"/>
  <testcase classname="com.hotels.beans.utils.ClassUtilsTest" name="testIsPrimitiveTypeWorksAsExpected" time="0.000"/>
  <testcase classname="com.hotels.beans.utils.ClassUtilsTest" name="testGetDeclaredFieldsWorksAsExpected" time="0.001"/>
  <testcase classname="com.hotels.beans.utils.ClassUtilsTest" name="testGetPrivateFieldsWorksAsExpected" time="0.000"/>
  <testcase classname="com.hotels.beans.utils.ClassUtilsTest" name="testHasAccessibleConstructorsWorksAsExpected" time="0.000"/>
  <testcase classname="com.hotels.beans.utils.ClassUtilsTest" name="testIsSpecialTypeWorksAsExpected" time="0.000"/>
  <testcase classname="com.hotels.beans.utils.ClassUtilsTest" name="testGetDeclaredClassesWorksAsExpected" time="0.048"/>
  <testcase classname="com.hotels.beans.utils.ClassUtilsTest" name="testGetNoArgsConstructorThrowsExceptionIfTheConstructorIsMissing" time="0.002"/>
  <testcase classname="com.hotels.beans.utils.ClassUtilsTest" name="testGetTotalFieldsWorksAsExpected" time="0.000"/>
  <testcase classname="com.hotels.beans.utils.ClassUtilsTest" name="testIsPrimitiveOrSpecialTypeWorksAsExpected" time="0.003"/>
  <testcase classname="com.hotels.beans.utils.ClassUtilsTest" name="testGetPrivateFinalFieldsWorksAsExpected" time="0.000"/>
  <testcase classname="com.hotels.beans.utils.ClassUtilsTest" name="testGetNoArgsConstructorWorksAsExpected" time="0.001"/>
  <testcase classname="com.hotels.beans.utils.ClassUtilsTest" name="testHasSetterMethodsWorksAsExpected" time="0.000"/>
  <testcase classname="com.hotels.beans.utils.ClassUtilsTest" name="testHasFieldWorksAsExpected" time="0.000"/>
  <testcase classname="com.hotels.beans.utils.ClassUtilsTest" name="testAreParameterNamesAvailableWorksAsExpected" time="0.001"/>
  <testcase classname="com.hotels.beans.utils.ClassUtilsTest" name="testContainsAnnotationWorksAsExpected" time="0.001"/>
  <testcase classname="com.hotels.beans.utils.ClassUtilsTest" name="testHasPrivateFinalFieldsWorksAsExpected" time="0.000"/>
  <testcase classname="com.hotels.beans.utils.ClassUtilsTest" name="testGetDeclaredFieldsWorksAsExpected" time="0.001"/>
  <testcase classname="com.hotels.beans.utils.ClassUtilsTest" name="testGetClassTypeWorksAsExpected" time="0.002"/>
</testsuite> <!-- com.hotels.beans.utils.ClassUtilsTest -->
