<?xml version="1.0" encoding="UTF-8"?>
<!-- Generated by org.testng.reporters.JUnitReportReporter -->
<testsuite hostname="MacBook-Pro-di-Anna.local" failures="0" tests="9" name="com.hotels.beans.transformer.MixedObjectTransformationTest" time="0.085" errors="0" timestamp="26 mag 2019 20:28:41 GMT" skipped="0">
  <testcase classname="com.hotels.beans.transformer.MixedObjectTransformationTest" name="testMixedBeanWithDifferentFieldNamesIsCorrectlyCopied" time="0.015"/>
  <testcase classname="com.hotels.beans.transformer.MixedObjectTransformationTest" name="testMixedBeanIsCorrectlyCopied" time="0.013"/>
  <testcase classname="com.hotels.beans.transformer.MixedObjectTransformationTest" name="testTransformationOnAnExistingDestinationWorksProperly" time="0.014"/>
  <testcase classname="com.hotels.beans.transformer.MixedObjectTransformationTest" name="testMixedBeanWithMissingFieldsThrowsMissingFieldExceptionWhenTheSourceObjectDoesNotContainARequiredField" time="0.002"/>
  <testcase classname="com.hotels.beans.transformer.MixedObjectTransformationTest" name="testMixedBeanWithoutAllArgsConstructorIsCorrectlyCopied" time="0.012"/>
  <testcase classname="com.hotels.beans.transformer.MixedObjectTransformationTest" name="testMixedBeanWithDifferentFieldNamesIsCorrectlyCopiedThroughFieldTransformer" time="0.013"/>
  <testcase classname="com.hotels.beans.transformer.MixedObjectTransformationTest" name="testMixedBeanWithMissingFieldsReturnsTheDefaultValueWhenTheSourceObjectDoesNotContainARequiredField" time="0.005"/>
  <testcase classname="com.hotels.beans.transformer.MixedObjectTransformationTest" name="testThatAnyTypeOfBeanContainsANotExistingFieldInTheSourceObjectIsCorrectlyCopiedThroughTransformerFunctions" time="0.006"/>
  <testcase classname="com.hotels.beans.transformer.MixedObjectTransformationTest" name="testFieldTransformationSkipWorksProperly" time="0.005"/>
</testsuite> <!-- com.hotels.beans.transformer.MixedObjectTransformationTest -->
