<?xml version="1.0" encoding="UTF-8"?>
<!-- Generated by org.testng.reporters.JUnitReportReporter -->
<testsuite hostname="MacBook-Pro-di-Anna.local" failures="0" tests="5" name="com.hotels.beans.populator.ArrayPopulatorTest" time="0.018" errors="0" timestamp="26 mag 2019 20:28:41 GMT" skipped="0">
  <testcase classname="com.hotels.beans.populator.ArrayPopulatorTest" name="testGetPopulatedObjectWorksProperly" time="0.005"/>
  <testcase classname="com.hotels.beans.populator.ArrayPopulatorTest" name="testGetPopulatedObjectWorksProperly" time="0.010"/>
  <testcase classname="com.hotels.beans.populator.ArrayPopulatorTest" name="testGetPopulatedObjectWorksProperly" time="0.001"/>
  <testcase classname="com.hotels.beans.populator.ArrayPopulatorTest" name="testGetPopulatedObjectWorksProperly" time="0.001"/>
  <testcase classname="com.hotels.beans.populator.ArrayPopulatorTest" name="testGetPopulatedObjectWorksProperly" time="0.001"/>
</testsuite> <!-- com.hotels.beans.populator.ArrayPopulatorTest -->
