<?xml version="1.0" encoding="UTF-8"?>
<!-- Generated by org.testng.reporters.JUnitReportReporter -->
<testsuite hostname="MacBook-Pro-di-Anna.local" failures="0" tests="7" name="com.hotels.beans.transformer.TransformerTest" time="0.018" errors="0" timestamp="26 mag 2019 20:28:41 GMT" skipped="0">
  <testcase classname="com.hotels.beans.transformer.TransformerTest" name="testResetFieldsMappingWorksProperly" time="0.002"/>
  <testcase classname="com.hotels.beans.transformer.TransformerTest" name="testRemoveFieldMappingWorksProperly" time="0.001"/>
  <testcase classname="com.hotels.beans.transformer.TransformerTest" name="testRemoveFieldMappingRaisesExceptionIfItsCalledWithNullParam" time="0.003"/>
  <testcase classname="com.hotels.beans.transformer.TransformerTest" name="testRemoveFieldTransformerRaisesExceptionIfItsCalledWithNullParam" time="0.002"/>
  <testcase classname="com.hotels.beans.transformer.TransformerTest" name="testResetFieldsTransformerWorksProperly" time="0.004"/>
  <testcase classname="com.hotels.beans.transformer.TransformerTest" name="testGetSourceFieldValueRaisesAnExceptionIfTheParameterAreNull" time="0.004"/>
  <testcase classname="com.hotels.beans.transformer.TransformerTest" name="testRemoveFieldTransformerWorksProperly" time="0.002"/>
</testsuite> <!-- com.hotels.beans.transformer.TransformerTest -->
