<?xml version="1.0" encoding="UTF-8"?>
<!-- Generated by org.testng.reporters.JUnitReportReporter -->
<testsuite hostname="MacBook-Pro-di-Anna.local" failures="0" tests="5" name="com.hotels.beans.populator.PopulatorFactoryTest" time="0.001" errors="0" timestamp="26 mag 2019 20:28:41 GMT" skipped="0">
  <testcase classname="com.hotels.beans.populator.PopulatorFactoryTest" name="testGetPopulatorReturnsTheExpectedResult" time="0.000"/>
  <testcase classname="com.hotels.beans.populator.PopulatorFactoryTest" name="testGetPopulatorReturnsTheExpectedResult" time="0.000"/>
  <testcase classname="com.hotels.beans.populator.PopulatorFactoryTest" name="testGetPopulatorReturnsTheExpectedResult" time="0.000"/>
  <testcase classname="com.hotels.beans.populator.PopulatorFactoryTest" name="testGetPopulatorReturnsTheExpectedResult" time="0.001"/>
  <testcase classname="com.hotels.beans.populator.PopulatorFactoryTest" name="testGetPopulatorReturnsTheExpectedResult" time="0.000"/>
</testsuite> <!-- com.hotels.beans.populator.PopulatorFactoryTest -->
