<?xml version="1.0" encoding="UTF-8"?>
<!-- Generated by org.testng.reporters.JUnitReportReporter -->
<testsuite hostname="MacBook-Pro-di-Anna.local" failures="0" tests="4" name="com.hotels.beans.transformer.BuilderObjectTransformationTest" time="2.121" errors="0" timestamp="26 mag 2019 20:28:41 GMT" skipped="0">
  <testcase classname="com.hotels.beans.transformer.BuilderObjectTransformationTest" name="testTransformationThroughBuilder" time="0.503"/>
  <testcase classname="com.hotels.beans.transformer.BuilderObjectTransformationTest" name="testTransformationThroughBuilder" time="1.552"/>
  <testcase classname="com.hotels.beans.transformer.BuilderObjectTransformationTest" name="testTransformationThroughBuilder" time="0.021"/>
  <testcase classname="com.hotels.beans.transformer.BuilderObjectTransformationTest" name="testTransformationThroughBuilder" time="0.045"/>
</testsuite> <!-- com.hotels.beans.transformer.BuilderObjectTransformationTest -->
