<?xml version="1.0" encoding="UTF-8"?>
<!-- Generated by org.testng.reporters.JUnitReportReporter -->
<testsuite hostname="MacBook-Pro-di-Anna.local" failures="0" tests="5" name="com.hotels.beans.performance.PerformanceTest" time="1.962" errors="0" timestamp="26 mag 2019 20:28:41 GMT" skipped="0">
  <testcase classname="com.hotels.beans.performance.PerformanceTest" name="testCopyPropertiesGetsCompletedInTheExpectedTime" time="0.655"/>
  <testcase classname="com.hotels.beans.performance.PerformanceTest" name="testCopyPropertiesGetsCompletedInTheExpectedTime" time="0.633"/>
  <testcase classname="com.hotels.beans.performance.PerformanceTest" name="testCopyPropertiesGetsCompletedInTheExpectedTime" time="0.066"/>
  <testcase classname="com.hotels.beans.performance.PerformanceTest" name="testCopyPropertiesGetsCompletedInTheExpectedTime" time="0.083"/>
  <testcase classname="com.hotels.beans.performance.PerformanceTest" name="testCopyPropertiesGetsCompletedInTheExpectedTime" time="0.525"/>
</testsuite> <!-- com.hotels.beans.performance.PerformanceTest -->
