<?xml version="1.0" encoding="UTF-8"?>
<!-- Generated by org.testng.reporters.JUnitReportReporter -->
<testsuite hostname="MacBook-Pro-di-Anna.local" failures="0" tests="23" name="com.hotels.beans.transformer.ImmutableObjectTransformationTest" time="2.705" errors="0" timestamp="26 mag 2019 20:28:41 GMT" skipped="0">
  <testcase classname="com.hotels.beans.transformer.ImmutableObjectTransformationTest" name="testGetConstructorValuesFromFieldsWorksProperly" time="0.080"/>
  <testcase classname="com.hotels.beans.transformer.ImmutableObjectTransformationTest" name="testTransformThrowsExceptionWhenImmutableIsInvalid" time="0.037"/>
  <testcase classname="com.hotels.beans.transformer.ImmutableObjectTransformationTest" name="testFieldTransformationSkipWorksProperly" time="0.005"/>
  <testcase classname="com.hotels.beans.transformer.ImmutableObjectTransformationTest" name="testImmutableBeanIsCorrectlyCopied" time="0.052"/>
  <testcase classname="com.hotels.beans.transformer.ImmutableObjectTransformationTest" name="testImmutableBeanIsCorrectlyCopied" time="0.055"/>
  <testcase classname="com.hotels.beans.transformer.ImmutableObjectTransformationTest" name="testImmutableBeanWithMissingConstructorArgIsCorrectlyCopied" time="0.005"/>
  <testcase classname="com.hotels.beans.transformer.ImmutableObjectTransformationTest" name="testTransformerFunctionHasHigherPriorityThanDefaultValue" time="0.004"/>
  <testcase classname="com.hotels.beans.transformer.ImmutableObjectTransformationTest" name="testImmutableBeanIsCorrectlyCopied" time="0.068"/>
  <testcase classname="com.hotels.beans.transformer.ImmutableObjectTransformationTest" name="testImmutableBeanWithAdvancedFieldsIsCorrectlyCopied" time="0.007"/>
  <testcase classname="com.hotels.beans.transformer.ImmutableObjectTransformationTest" name="testGetDestFieldNameReturnsNullIfConstructorParamHasNoNameProvidedFromJVMAndNoConstructorArgIsDefined" time="0.005"/>
  <testcase classname="com.hotels.beans.transformer.ImmutableObjectTransformationTest" name="testTransformThrowsExceptionIfTheConstructorInvocationThrowsException" time="0.932"/>
  <testcase classname="com.hotels.beans.transformer.ImmutableObjectTransformationTest" name="testTransformThrowsExceptionWhenImmutableIsInvalid" time="0.030"/>
  <testcase classname="com.hotels.beans.transformer.ImmutableObjectTransformationTest" name="testImmutableBeanWithDifferentFieldNamesIsCorrectlyCopied" time="0.069"/>
  <testcase classname="com.hotels.beans.transformer.ImmutableObjectTransformationTest" name="testTransformationOnAnExistingDestinationWorksProperly" time="0.005"/>
  <testcase classname="com.hotels.beans.transformer.ImmutableObjectTransformationTest" name="testTransformationWithCompositeFieldNameMappingIsWorkingAsExpected" time="0.002"/>
  <testcase classname="com.hotels.beans.transformer.ImmutableObjectTransformationTest" name="testThatAnyTypeOfBeanContainsANotExistingFieldInTheSourceObjectIsCorrectlyCopiedThroughTransformerFunctions" time="0.007"/>
  <testcase classname="com.hotels.beans.transformer.ImmutableObjectTransformationTest" name="testImmutableBeanIsCorrectlyCopied" time="0.059"/>
  <testcase classname="com.hotels.beans.transformer.ImmutableObjectTransformationTest" name="testImmutableBeanIsCorrectlyCopied" time="0.061"/>
  <testcase classname="com.hotels.beans.transformer.ImmutableObjectTransformationTest" name="testGetDestFieldNameIsRetrievedFromConstructorArgIfTheParamNameIsNotProvidedFromJVM" time="1.186"/>
  <testcase classname="com.hotels.beans.transformer.ImmutableObjectTransformationTest" name="testTransformThrowsNoExceptionIfTheDestinationObjectValuesAreNotValidAndTheValidationIsDisabled" time="0.020"/>
  <testcase classname="com.hotels.beans.transformer.ImmutableObjectTransformationTest" name="testImmutableBeanWithAdvancedFieldsIsCorrectlyCopied" time="0.008"/>
  <testcase classname="com.hotels.beans.transformer.ImmutableObjectTransformationTest" name="testTransformationReturnsAMeaningfulException" time="0.004"/>
  <testcase classname="com.hotels.beans.transformer.ImmutableObjectTransformationTest" name="testTransformationWithCompositeFieldNameMappingIsWorkingAsExpected" time="0.004"/>
</testsuite> <!-- com.hotels.beans.transformer.ImmutableObjectTransformationTest -->
