<?xml version="1.0" encoding="UTF-8"?>
<!-- Generated by org.testng.reporters.JUnitReportReporter -->
<testsuite hostname="MacBook-Pro-di-Anna.local" failures="0" tests="11" name="com.hotels.beans.transformer.MutableObjectTransformationTest" time="0.091" errors="0" timestamp="26 mag 2019 20:28:41 GMT" skipped="0">
  <testcase classname="com.hotels.beans.transformer.MutableObjectTransformationTest" name="testTransformerIsAbleToCopyObjectsWithoutRequiredMethods" time="0.004"/>
  <testcase classname="com.hotels.beans.transformer.MutableObjectTransformationTest" name="testTransformThrowsExceptionWhenMutableBeanHasNoDefaultConstructor" time="0.003"/>
  <testcase classname="com.hotels.beans.transformer.MutableObjectTransformationTest" name="testTransformThrowsNoExceptionIfTheDestinationObjectValuesAreNotValidAndTheValidationIsDisabled" time="0.018"/>
  <testcase classname="com.hotels.beans.transformer.MutableObjectTransformationTest" name="testTransformationWithFieldTransformationWorksProperly" time="0.007"/>
  <testcase classname="com.hotels.beans.transformer.MutableObjectTransformationTest" name="testTransformationOnAnExistingDestinationWorksProperly" time="0.017"/>
  <testcase classname="com.hotels.beans.transformer.MutableObjectTransformationTest" name="testFieldTransformationIsAppliedToAllMatchingFields" time="0.005"/>
  <testcase classname="com.hotels.beans.transformer.MutableObjectTransformationTest" name="testFieldTransformationSkipWorksProperly" time="0.003"/>
  <testcase classname="com.hotels.beans.transformer.MutableObjectTransformationTest" name="testFieldTransformationIsAppliedOnlyToASpecificField" time="0.010"/>
  <testcase classname="com.hotels.beans.transformer.MutableObjectTransformationTest" name="testMutableBeanIsCorrectlyCopied" time="0.016"/>
  <testcase classname="com.hotels.beans.transformer.MutableObjectTransformationTest" name="testThatAnyTypeOfBeanContainsANotExistingFieldInTheSourceObjectIsCorrectlyCopiedThroughTransformerFunctions" time="0.005"/>
  <testcase classname="com.hotels.beans.transformer.MutableObjectTransformationTest" name="testTransformationWithFieldTransformationWorksProperly" time="0.003"/>
</testsuite> <!-- com.hotels.beans.transformer.MutableObjectTransformationTest -->
