<?xml version="1.0" encoding="UTF-8"?>
<!-- Generated by org.testng.reporters.JUnitReportReporter -->
<testsuite hostname="MacBook-Pro-di-Anna.local" failures="0" tests="6" name="com.hotels.beans.BeanUtilsTest" time="0.019" errors="0" timestamp="26 mag 2019 20:28:41 GMT" skipped="0">
  <testcase classname="com.hotels.beans.BeanUtilsTest" name="testGetTransformerWorksProperly" time="0.001"/>
  <testcase classname="com.hotels.beans.BeanUtilsTest" name="testGetTransformerThrowsExceptionIfTheBeanTransformerIsNull" time="0.000"/>
  <testcase classname="com.hotels.beans.BeanUtilsTest" name="testGetTransformerFunctionWorksProperly" time="0.005"/>
  <testcase classname="com.hotels.beans.BeanUtilsTest" name="testValidateWorksProperly" time="0.007"/>
  <testcase classname="com.hotels.beans.BeanUtilsTest" name="testValidateThrowsExceptionIfTheGivenBeanIsInvalid" time="0.001"/>
  <testcase classname="com.hotels.beans.BeanUtilsTest" name="testGetTransformerFunctionWorksProperly" time="0.005"/>
</testsuite> <!-- com.hotels.beans.BeanUtilsTest -->
